/home/travis/build/thrill/thrill/thrill/core/hyperloglog.cpp:1940: warning: no uniquely matching class member found for 
  template void Serialize(const core::HyperLogLogRegisters< 4 > &, net::BufferBuilder &)

/home/travis/build/thrill/thrill/thrill/core/hyperloglog.cpp:1940: warning: no uniquely matching class member found for 
  template core::HyperLogLogRegisters< 4 > Deserialize(net::BufferReader &)

/home/travis/build/thrill/thrill/thrill/core/hyperloglog.cpp:1941: warning: no uniquely matching class member found for 
  template void Serialize(const core::HyperLogLogRegisters< 5 > &, net::BufferBuilder &)

/home/travis/build/thrill/thrill/thrill/core/hyperloglog.cpp:1941: warning: no uniquely matching class member found for 
  template core::HyperLogLogRegisters< 5 > Deserialize(net::BufferReader &)

/home/travis/build/thrill/thrill/thrill/core/hyperloglog.cpp:1942: warning: no uniquely matching class member found for 
  template void Serialize(const core::HyperLogLogRegisters< 6 > &, net::BufferBuilder &)

/home/travis/build/thrill/thrill/thrill/core/hyperloglog.cpp:1942: warning: no uniquely matching class member found for 
  template core::HyperLogLogRegisters< 6 > Deserialize(net::BufferReader &)

/home/travis/build/thrill/thrill/thrill/core/hyperloglog.cpp:1943: warning: no uniquely matching class member found for 
  template void Serialize(const core::HyperLogLogRegisters< 7 > &, net::BufferBuilder &)

/home/travis/build/thrill/thrill/thrill/core/hyperloglog.cpp:1943: warning: no uniquely matching class member found for 
  template core::HyperLogLogRegisters< 7 > Deserialize(net::BufferReader &)

/home/travis/build/thrill/thrill/thrill/core/hyperloglog.cpp:1944: warning: no uniquely matching class member found for 
  template void Serialize(const core::HyperLogLogRegisters< 8 > &, net::BufferBuilder &)

/home/travis/build/thrill/thrill/thrill/core/hyperloglog.cpp:1944: warning: no uniquely matching class member found for 
  template core::HyperLogLogRegisters< 8 > Deserialize(net::BufferReader &)

/home/travis/build/thrill/thrill/thrill/core/hyperloglog.cpp:1945: warning: no uniquely matching class member found for 
  template void Serialize(const core::HyperLogLogRegisters< 9 > &, net::BufferBuilder &)

/home/travis/build/thrill/thrill/thrill/core/hyperloglog.cpp:1945: warning: no uniquely matching class member found for 
  template core::HyperLogLogRegisters< 9 > Deserialize(net::BufferReader &)

/home/travis/build/thrill/thrill/thrill/core/hyperloglog.cpp:1946: warning: no uniquely matching class member found for 
  template void Serialize(const core::HyperLogLogRegisters< 10 > &, net::BufferBuilder &)

/home/travis/build/thrill/thrill/thrill/core/hyperloglog.cpp:1946: warning: no uniquely matching class member found for 
  template core::HyperLogLogRegisters< 10 > Deserialize(net::BufferReader &)

/home/travis/build/thrill/thrill/thrill/core/hyperloglog.cpp:1947: warning: no uniquely matching class member found for 
  template void Serialize(const core::HyperLogLogRegisters< 11 > &, net::BufferBuilder &)

/home/travis/build/thrill/thrill/thrill/core/hyperloglog.cpp:1947: warning: no uniquely matching class member found for 
  template core::HyperLogLogRegisters< 11 > Deserialize(net::BufferReader &)

/home/travis/build/thrill/thrill/thrill/core/hyperloglog.cpp:1948: warning: no uniquely matching class member found for 
  template void Serialize(const core::HyperLogLogRegisters< 12 > &, net::BufferBuilder &)

/home/travis/build/thrill/thrill/thrill/core/hyperloglog.cpp:1948: warning: no uniquely matching class member found for 
  template core::HyperLogLogRegisters< 12 > Deserialize(net::BufferReader &)

/home/travis/build/thrill/thrill/thrill/core/hyperloglog.cpp:1949: warning: no uniquely matching class member found for 
  template void Serialize(const core::HyperLogLogRegisters< 13 > &, net::BufferBuilder &)

/home/travis/build/thrill/thrill/thrill/core/hyperloglog.cpp:1949: warning: no uniquely matching class member found for 
  template core::HyperLogLogRegisters< 13 > Deserialize(net::BufferReader &)

/home/travis/build/thrill/thrill/thrill/core/hyperloglog.cpp:1950: warning: no uniquely matching class member found for 
  template void Serialize(const core::HyperLogLogRegisters< 14 > &, net::BufferBuilder &)

/home/travis/build/thrill/thrill/thrill/core/hyperloglog.cpp:1950: warning: no uniquely matching class member found for 
  template core::HyperLogLogRegisters< 14 > Deserialize(net::BufferReader &)

/home/travis/build/thrill/thrill/thrill/core/hyperloglog.cpp:1951: warning: no uniquely matching class member found for 
  template void Serialize(const core::HyperLogLogRegisters< 15 > &, net::BufferBuilder &)

/home/travis/build/thrill/thrill/thrill/core/hyperloglog.cpp:1951: warning: no uniquely matching class member found for 
  template core::HyperLogLogRegisters< 15 > Deserialize(net::BufferReader &)

/home/travis/build/thrill/thrill/thrill/core/hyperloglog.cpp:1952: warning: no uniquely matching class member found for 
  template void Serialize(const core::HyperLogLogRegisters< 16 > &, net::BufferBuilder &)

/home/travis/build/thrill/thrill/thrill/core/hyperloglog.cpp:1952: warning: no uniquely matching class member found for 
  template core::HyperLogLogRegisters< 16 > Deserialize(net::BufferReader &)

/home/travis/build/thrill/thrill/thrill/core/hyperloglog.cpp:1953: warning: no uniquely matching class member found for 
  template void Serialize(const core::HyperLogLogRegisters< 17 > &, net::BufferBuilder &)

/home/travis/build/thrill/thrill/thrill/core/hyperloglog.cpp:1953: warning: no uniquely matching class member found for 
  template core::HyperLogLogRegisters< 17 > Deserialize(net::BufferReader &)

/home/travis/build/thrill/thrill/thrill/core/hyperloglog.cpp:1954: warning: no uniquely matching class member found for 
  template void Serialize(const core::HyperLogLogRegisters< 18 > &, net::BufferBuilder &)

/home/travis/build/thrill/thrill/thrill/core/hyperloglog.cpp:1954: warning: no uniquely matching class member found for 
  template core::HyperLogLogRegisters< 18 > Deserialize(net::BufferReader &)

/home/travis/build/thrill/thrill/doc/common.dox:26: warning: unable to resolve reference to `CmdlineParser' for \ref command
/home/travis/build/thrill/thrill/doc/common.dox:27: warning: unable to resolve reference to `ThreadPool' for \ref command
/home/travis/build/thrill/thrill/doc/common.dox:28: warning: unable to resolve reference to `Delegate' for \ref command
/home/travis/build/thrill/thrill/examples/tutorial/k-means.dox:65: warning: unable to resolve reference to `TODO' for \ref command
/home/travis/build/thrill/thrill/thrill/api/dia.hpp:871: warning: argument 'volatile_key_tag' of command @param is not found in the argument list of DIA< ValueType_, Stack_ >::ReduceByKey(const VolatileKeyFlag< VolatileKeyValue > &volatile_key_flag, const KeyExtractor &key_extractor, const ReduceFunction &reduce_function, const ReduceConfig &reduce_config=ReduceConfig(), const KeyHashFunction &key_hash_function=KeyHashFunction(), const KeyEqualFunction &key_equal_function=KeyEqualFunction()) const
/home/travis/build/thrill/thrill/thrill/api/dia.hpp:871: warning: The following parameters of thrill::api::DIA::ReduceByKey(const VolatileKeyFlag< VolatileKeyValue > &volatile_key_flag, const KeyExtractor &key_extractor, const ReduceFunction &reduce_function, const ReduceConfig &reduce_config=ReduceConfig(), const KeyHashFunction &key_hash_function=KeyHashFunction(), const KeyEqualFunction &key_equal_function=KeyEqualFunction()) const are not documented:
  parameter 'volatile_key_flag'
/home/travis/build/thrill/thrill/thrill/api/dia.hpp:921: warning: argument 'volatile_key_tag' of command @param is not found in the argument list of DIA< ValueType_, Stack_ >::ReduceByKey(const DuplicateDetectionFlag< DuplicateDetectionValue > &duplicate_detection_flag, const KeyExtractor &key_extractor, const ReduceFunction &reduce_function, const ReduceConfig &reduce_config=ReduceConfig(), const KeyHashFunction &key_hash_function=KeyHashFunction(), const KeyEqualFunction &key_equal_function=KeyEqualFunction()) const
/home/travis/build/thrill/thrill/thrill/api/dia.hpp:921: warning: The following parameters of thrill::api::DIA::ReduceByKey(const DuplicateDetectionFlag< DuplicateDetectionValue > &duplicate_detection_flag, const KeyExtractor &key_extractor, const ReduceFunction &reduce_function, const ReduceConfig &reduce_config=ReduceConfig(), const KeyHashFunction &key_hash_function=KeyHashFunction(), const KeyEqualFunction &key_equal_function=KeyEqualFunction()) const are not documented:
  parameter 'duplicate_detection_flag'
/home/travis/build/thrill/thrill/thrill/api/dia.hpp:652: warning: argument 'p' of command @param is not found in the argument list of DIA< ValueType_, Stack_ >::HyperLogLog() const
/home/travis/build/thrill/thrill/thrill/net/group.hpp:196: warning: argument 'src' of command @param is not found in the argument list of Group::SendReceiveReduce(size_t peer, const T &value, BinarySumOp sum_op)
/home/travis/build/thrill/thrill/thrill/net/group.hpp:196: warning: argument 'data' of command @param is not found in the argument list of Group::SendReceiveReduce(size_t peer, const T &value, BinarySumOp sum_op)
/home/travis/build/thrill/thrill/thrill/net/group.hpp:196: warning: The following parameters of thrill::net::Group::SendReceiveReduce(size_t peer, const T &value, BinarySumOp sum_op) are not documented:
  parameter 'peer'
  parameter 'value'
  parameter 'sum_op'
/home/travis/build/thrill/thrill/thrill/data/mix_stream.hpp:143: warning: unable to resolve reference to `MixBlockSource' for \ref command
/home/travis/build/thrill/thrill/extlib/tlx/tlx/cmdline_parser.hpp:28: warning: included file tests/cmdline_parser_example.cpp is not found. Check your EXAMPLE_PATH
/home/travis/build/thrill/thrill/extlib/tlx/tlx/cmdline_parser.hpp:28: warning: block marked with [example] for \snippet should appear twice in file tests/cmdline_parser_example.cpp, found it 0 times

